Version 2.0.0
Date 20070702
********************************************************************************
Begin of File Header
********************************************************************************
PROTOCOL 7
ProtocolName: Ring-Target Detection
Experimental Control Parameters
ARC1138A 1
ARC1140A 2
PAUL 0
JOHN 1
RINGO 2
GEOGE 3
DYE 1
INTRINSIC 2
RANGE_EYE_GRAPH_DEG  25.000
RANGE_EYE_GRAPH_PXL 1000.00
RANGE_EYE_DRBOIS 8000.00
RANGE_EYE_VIEWPOINT 10000.0
REWARD_SOUND_FREQ 500
NO_REWARD_SOUND_FREQ 100
REWARD_SOUND_HALF_BEAT 5
REWARD_DB_INTERVAL_MIN 200
REWARD_DB_INTERVAL_MAX 600
SIMPLE_FIXATION 2
SIMPLE_SACCADE 3
ORIENTATION_TUNING 5
RING_TARGET_DETECT 7
TRAVELING_WAVE 8
MAPPING 9
MOVIE 10
OUTCOME_PENDING 0
OUTCOME_SUCCESSFUL 1
OUTCOME_FAILED 2
OUTCOME_HIT 3
OUTCOME_CORR_REJECT 4
OUTCOME_MISS 5
OUTCOME_FALSE_ALARM 6
OUTCOME_NOT_ACQUIRE_FIX 20
OUTCOME_BREAK_FIX 21
OUTCOME_BREAK_FIX_LATE 22
OUTCOME_NOT_ACQUIRE_TARG 40
OUTCOME_WRONG_TARG 41
OUTCOME_NOT_HOLD_TARG 42
OUTCOME_NOT_HOLD_FA 43
TRIAL_START_CD 1
TRIAL_END_CD 2
FP_ON_CD 3
FP_OFF_CD 4
VSTIM_ON_CD 5
VSTIM_OFF_CD 6
TARGS_ON_CD 7
TARGS_OFF_CD 8
SACCADE_BEGIN_CD 9
SACCADE_END_CD 10
TO_OI_STIMON_CD 11
TO_OI_STIMOFF_CD 12
IN_FIX_WIN_CD 40
IN_T1_WIN_CD 41
IN_T2_WIN_CD 42
BROKE_FIX_CD 43
REWARD_CD 60
PUNISH_CD 61
TRIGGER_CD 80
FROM_OI_GO_CD 81
FLIP_FRAME_CD 82
MONITOR_RESOLUSION_X   1.024
MONITOR_RESOLUSION_Y   0.768
MONITOR_REFRESH_RATE   0.100
MONITOR_WIDTH_CM  39.000
MONITOR_HEIGHT_CM  29.000
MONITOR_DISTANCE_CM 108.000
MONITOR_WIDTH_DEG  20.690
MONITOR_HEIGHT_DEG  15.385
RED_GUN_MAX   9.726
GREEN_GUN_MAX  39.534
BLUE_GUN_MAX   5.103
RED_GUN_MIN   0.083
GREEN_GUN_MIN   0.096
BLUE_GUN_MIN   0.081
DB_EYE 1
DB_SPIKE 2
DB_EVENT 3
DB_HEART 4
DB_LFP 5
Room 2
OpticalImaging 1
Electrophy 0
Monkey 7
HemisphereImaging 1
HemisphereElectrophy 2
SingleMultipleUnit 1
EyeMonitored 2
NumRun 0
ASets 1
CurrSpeed 1000
DurationEyeHistory 250
BKColorRed   0.500
BKColorGreen   0.500
BKColorBlue   0.500
FPColorRed   1.000
FPColorGreen   1.000
FPColorBlue   1.000
FPDimFactor   0.650
FPSize   0.100
DatabaseLength 2400
DatabaseOffset 600
TargetX[0]   3.000
TargetY[0]   3.000
TargetX[1]   3.000
TargetY[1]   3.000
TargetX[2]   3.000
TargetY[2]   3.000
TargetX[3]   3.000
TargetY[3]   3.000
TargetX[4]   3.000
TargetY[4]   3.000
TargetX[5]   3.000
TargetY[5]   3.000
TargetX[6]   3.000
TargetY[6]   3.000
TargetX[7]   3.000
TargetY[7]   3.000
Contrast[0]   0.000
Contrast[1]   3.000
Contrast[2]   4.500
Contrast[3]   6.000
Contrast[4]   7.500
Contrast[5]   9.000
Contrast[6]   0.000
Contrast[7]   0.000
Contrast[8]   0.000
Contrast[9]   0.000
Contrast[10]   0.000
Contrast[11]   6.250
Contrast[12]  12.500
Contrast[13]  25.000
Contrast[14]  50.000
Contrast[15] 100.000
RingInnerRadius   2.000
RingOuterRadius   6.000
RingWidth   4.000
GaborT1Orient   0.000
GaborT1BW   1.250
GaborT1Size   2.000
GabortT1Phase  90.000
GaborT2Orient   0.000
GaborT2BW   1.250
GaborT2Size   2.000
GaborT2Phase  90.000
FlagWithBlank 1
NumValidCondManual 0
TotalFrameNum 3
********************************************************************************
NumValidCond 2
ProtocolName: Ring-Target Detection
Cond#  Ring Contr  T1 Contr    T1 Pos(x y)   T2 Contr     T2 Pos(x y)  Frame#
  0       0.000     25.000    3.000   3.000    0.000     3.000   3.000    1
  1       0.000      0.000    3.000   3.000    0.000     3.000   3.000    1
Total 1 valid target positions: 0
********************************************************************************
********************************************************************************
End of File Header
********************************************************************************
********************************************************************************
CountBlockTotal 1
TimeNow 172657
CurrCond 0
Outcome 5
ScaleFixWinResize   0.800
SizeFixWinXDeg   1.500
SizeFixWinYDeg   1.500
SizeTWinXDeg   2.000
SizeTWinYDeg   2.000
CtrFixWinXDeg   0.000
CtrFixWinYDeg   0.000
AdjustmentX   0.016
AdjustmentY   0.051
FlagSoftEyeCal 0
SoftEyeCalOffsetX   0.000
SoftEyeCalOffsetY   0.000
SoftEyeCalScaleX   1.000
SoftEyeCalScaleY   1.000
SoftEyeCalAngle   0.000
FlagDoubleBeepH 0
FlagDoubleBeepCR 0
RewardDuration 100
FlagCameraCommunication 1
FlagCameraWasRunning 1
toOIStimDecimal 0
TPositionNumIn -1
DurationFixAcquire 3000
DurationInitFixHold 700
DurationPreFixHold 100
DurationFixHold 500
DurationSearchMin 75
DurationSearchMax 600
DurationTHold 300
DurationPreStimDelay 25
DurationPostStimDelay 500
DurationFlip 300
DurationITI 5000
DurationISI 300
DurationSingleStim 200
DurationSpikeCount 300
TimeoutSaccade 100
TimeoutOI 15000
TimeTrialStart 2323879
TimeTrialEnd 2327153
TimeTrigger 2326205
TimeFixHoldStart 2323918
TimeFixHoldEnd 2327152
TimeSearchStart 2326552
TimeSearchEnd -1
TimeSaccadeStart -1
TimeSaccadeEnd -1
TimeFPStart 2323916
TimeFPEnd 2327152
TimeStimStart -1
TimeStimEnd -1
TimeTargetStart 2326551
TimeTargetEnd 2326852
RingFileNum 0
********************************************************************************
CountBlockTotal 2
TimeNow 172707
CurrCond 0
Outcome 5
ScaleFixWinResize   0.800
SizeFixWinXDeg   1.500
SizeFixWinYDeg   1.500
SizeTWinXDeg   2.000
SizeTWinYDeg   2.000
CtrFixWinXDeg   0.000
CtrFixWinYDeg   0.000
AdjustmentX   0.014
AdjustmentY   0.046
FlagSoftEyeCal 0
SoftEyeCalOffsetX   0.000
SoftEyeCalOffsetY   0.000
SoftEyeCalScaleX   1.000
SoftEyeCalScaleY   1.000
SoftEyeCalAngle   0.000
FlagDoubleBeepH 0
FlagDoubleBeepCR 0
RewardDuration 100
FlagCameraCommunication 1
FlagCameraWasRunning 1
toOIStimDecimal 0
TPositionNumIn -1
DurationFixAcquire 3000
DurationInitFixHold 700
DurationPreFixHold 100
DurationFixHold 500
DurationSearchMin 75
DurationSearchMax 600
DurationTHold 300
DurationPreStimDelay 25
DurationPostStimDelay 500
DurationFlip 300
DurationITI 5000
DurationISI 300
DurationSingleStim 200
DurationSpikeCount 300
TimeoutSaccade 100
TimeoutOI 15000
TimeTrialStart 2333876
TimeTrialEnd 2337155
TimeTrigger 2336207
TimeFixHoldStart 2333910
TimeFixHoldEnd 2337154
TimeSearchStart 2336554
TimeSearchEnd -1
TimeSaccadeStart -1
TimeSaccadeEnd -1
TimeFPStart 2333908
TimeFPEnd 2337154
TimeStimStart -1
TimeStimEnd -1
TimeTargetStart 2336553
TimeTargetEnd 2336854
RingFileNum 0
********************************************************************************
CountBlockTotal 3
TimeNow 172756
CurrCond 1
Outcome 4
ScaleFixWinResize   0.800
SizeFixWinXDeg   1.500
SizeFixWinYDeg   1.500
SizeTWinXDeg   2.000
SizeTWinYDeg   2.000
CtrFixWinXDeg   0.000
CtrFixWinYDeg   0.000
AdjustmentX   0.016
AdjustmentY   0.049
FlagSoftEyeCal 0
SoftEyeCalOffsetX   0.000
SoftEyeCalOffsetY   0.000
SoftEyeCalScaleX   1.000
SoftEyeCalScaleY   1.000
SoftEyeCalAngle   0.000
FlagDoubleBeepH 0
FlagDoubleBeepCR 0
RewardDuration 100
FlagCameraCommunication 1
FlagCameraWasRunning 1
toOIStimDecimal 1
TPositionNumIn -1
DurationFixAcquire 3000
DurationInitFixHold 700
DurationPreFixHold 100
DurationFixHold 500
DurationSearchMin 75
DurationSearchMax 600
DurationTHold 300
DurationPreStimDelay 25
DurationPostStimDelay 500
DurationFlip 300
DurationITI 5000
DurationISI 300
DurationSingleStim 200
DurationSpikeCount 300
TimeoutSaccade 100
TimeoutOI 15000
TimeTrialStart 2382793
TimeTrialEnd 2386741
TimeTrigger 2384999
TimeFixHoldStart 2382826
TimeFixHoldEnd 2386241
TimeSearchStart 2385341
TimeSearchEnd -1
TimeSaccadeStart -1
TimeSaccadeEnd -1
TimeFPStart 2382824
TimeFPEnd 2386241
TimeStimStart -1
TimeStimEnd -1
TimeTargetStart -1
TimeTargetEnd -1
RingFileNum 0
********************************************************************************
CountBlockTotal 4
TimeNow 172806
CurrCond 0
Outcome 5
ScaleFixWinResize   0.800
SizeFixWinXDeg   1.500
SizeFixWinYDeg   1.500
SizeTWinXDeg   2.000
SizeTWinYDeg   2.000
CtrFixWinXDeg   0.000
CtrFixWinYDeg   0.000
AdjustmentX   0.012
AdjustmentY   0.047
FlagSoftEyeCal 0
SoftEyeCalOffsetX   0.000
SoftEyeCalOffsetY   0.000
SoftEyeCalScaleX   1.000
SoftEyeCalScaleY   1.000
SoftEyeCalAngle   0.000
FlagDoubleBeepH 0
FlagDoubleBeepCR 0
RewardDuration 100
FlagCameraCommunication 1
FlagCameraWasRunning 1
toOIStimDecimal 0
TPositionNumIn -1
DurationFixAcquire 3000
DurationInitFixHold 700
DurationPreFixHold 100
DurationFixHold 500
DurationSearchMin 75
DurationSearchMax 600
DurationTHold 300
DurationPreStimDelay 25
DurationPostStimDelay 500
DurationFlip 300
DurationITI 5000
DurationISI 300
DurationSingleStim 200
DurationSpikeCount 300
TimeoutSaccade 100
TimeoutOI 15000
TimeTrialStart 2392318
TimeTrialEnd 2395553
TimeTrigger 2394612
TimeFixHoldStart 2392357
TimeFixHoldEnd 2395552
TimeSearchStart 2394952
TimeSearchEnd -1
TimeSaccadeStart -1
TimeSaccadeEnd -1
TimeFPStart 2392355
TimeFPEnd 2395552
TimeStimStart -1
TimeStimEnd -1
TimeTargetStart 2394951
TimeTargetEnd 2395252
RingFileNum 0
********************************************************************************
CountBlockTotal 5
TimeNow 172815
CurrCond 1
Outcome 4
ScaleFixWinResize   0.800
SizeFixWinXDeg   1.500
SizeFixWinYDeg   1.500
SizeTWinXDeg   2.000
SizeTWinYDeg   2.000
CtrFixWinXDeg   0.000
CtrFixWinYDeg   0.000
AdjustmentX   0.015
AdjustmentY   0.048
FlagSoftEyeCal 0
SoftEyeCalOffsetX   0.000
SoftEyeCalOffsetY   0.000
SoftEyeCalScaleX   1.000
SoftEyeCalScaleY   1.000
SoftEyeCalAngle   0.000
FlagDoubleBeepH 0
FlagDoubleBeepCR 0
RewardDuration 100
FlagCameraCommunication 1
FlagCameraWasRunning 1
toOIStimDecimal 1
TPositionNumIn -1
DurationFixAcquire 3000
DurationInitFixHold 700
DurationPreFixHold 100
DurationFixHold 500
DurationSearchMin 75
DurationSearchMax 600
DurationTHold 300
DurationPreStimDelay 25
DurationPostStimDelay 500
DurationFlip 300
DurationITI 5000
DurationISI 300
DurationSingleStim 200
DurationSpikeCount 300
TimeoutSaccade 100
TimeoutOI 15000
TimeTrialStart 2401458
TimeTrialEnd 2405562
TimeTrigger 2403816
TimeFixHoldStart 2401497
TimeFixHoldEnd 2405062
TimeSearchStart 2404162
TimeSearchEnd -1
TimeSaccadeStart -1
TimeSaccadeEnd -1
TimeFPStart 2401495
TimeFPEnd 2405062
TimeStimStart -1
TimeStimEnd -1
TimeTargetStart -1
TimeTargetEnd -1
RingFileNum 0
********************************************************************************
CountBlockTotal 6
TimeNow 172824
CurrCond 1
Outcome 4
ScaleFixWinResize   0.800
SizeFixWinXDeg   1.500
SizeFixWinYDeg   1.500
SizeTWinXDeg   2.000
SizeTWinYDeg   2.000
CtrFixWinXDeg   0.000
CtrFixWinYDeg   0.000
AdjustmentX   0.015
AdjustmentY   0.048
FlagSoftEyeCal 0
SoftEyeCalOffsetX   0.000
SoftEyeCalOffsetY   0.000
SoftEyeCalScaleX   1.000
SoftEyeCalScaleY   1.000
SoftEyeCalAngle   0.000
FlagDoubleBeepH 0
FlagDoubleBeepCR 0
RewardDuration 100
FlagCameraCommunication 1
FlagCameraWasRunning 1
toOIStimDecimal 1
TPositionNumIn -1
DurationFixAcquire 3000
DurationInitFixHold 700
DurationPreFixHold 100
DurationFixHold 500
DurationSearchMin 75
DurationSearchMax 600
DurationTHold 300
DurationPreStimDelay 25
DurationPostStimDelay 500
DurationFlip 300
DurationITI 5000
DurationISI 300
DurationSingleStim 200
DurationSpikeCount 300
TimeoutSaccade 100
TimeoutOI 15000
TimeTrialStart 2411158
TimeTrialEnd 2415153
TimeTrigger 2413409
TimeFixHoldStart 2411189
TimeFixHoldEnd 2414653
TimeSearchStart 2413753
TimeSearchEnd -1
TimeSaccadeStart -1
TimeSaccadeEnd -1
TimeFPStart 2411187
TimeFPEnd 2414653
TimeStimStart -1
TimeStimEnd -1
TimeTargetStart -1
TimeTargetEnd -1
RingFileNum 0
********************************************************************************
CountBlockTotal 7
TimeNow 172834
CurrCond 0
Outcome 5
ScaleFixWinResize   0.800
SizeFixWinXDeg   1.500
SizeFixWinYDeg   1.500
SizeTWinXDeg   2.000
SizeTWinYDeg   2.000
CtrFixWinXDeg   0.000
CtrFixWinYDeg   0.000
AdjustmentX   0.017
AdjustmentY   0.049
FlagSoftEyeCal 0
SoftEyeCalOffsetX   0.000
SoftEyeCalOffsetY   0.000
SoftEyeCalScaleX   1.000
SoftEyeCalScaleY   1.000
SoftEyeCalAngle   0.000
FlagDoubleBeepH 0
FlagDoubleBeepCR 0
RewardDuration 100
FlagCameraCommunication 1
FlagCameraWasRunning 1
toOIStimDecimal 0
TPositionNumIn -1
DurationFixAcquire 3000
DurationInitFixHold 700
DurationPreFixHold 100
DurationFixHold 500
DurationSearchMin 75
DurationSearchMax 600
DurationTHold 300
DurationPreStimDelay 25
DurationPostStimDelay 500
DurationFlip 300
DurationITI 5000
DurationISI 300
DurationSingleStim 200
DurationSpikeCount 300
TimeoutSaccade 100
TimeoutOI 15000
TimeTrialStart 2420715
TimeTrialEnd 2423965
TimeTrigger 2423022
TimeFixHoldStart 2420749
TimeFixHoldEnd 2423964
TimeSearchStart 2423364
TimeSearchEnd -1
TimeSaccadeStart -1
TimeSaccadeEnd -1
TimeFPStart 2420747
TimeFPEnd 2423964
TimeStimStart -1
TimeStimEnd -1
TimeTargetStart 2423363
TimeTargetEnd 2423664
RingFileNum 0
********************************************************************************
CountBlockTotal 8
TimeNow 172843
CurrCond 1
Outcome 4
ScaleFixWinResize   0.800
SizeFixWinXDeg   1.500
SizeFixWinYDeg   1.500
SizeTWinXDeg   2.000
SizeTWinYDeg   2.000
CtrFixWinXDeg   0.000
CtrFixWinYDeg   0.000
AdjustmentX   0.015
AdjustmentY   0.047
FlagSoftEyeCal 0
SoftEyeCalOffsetX   0.000
SoftEyeCalOffsetY   0.000
SoftEyeCalScaleX   1.000
SoftEyeCalScaleY   1.000
SoftEyeCalAngle   0.000
FlagDoubleBeepH 0
FlagDoubleBeepCR 0
RewardDuration 100
FlagCameraCommunication 1
FlagCameraWasRunning 1
toOIStimDecimal 1
TPositionNumIn -1
DurationFixAcquire 3000
DurationInitFixHold 700
DurationPreFixHold 100
DurationFixHold 500
DurationSearchMin 75
DurationSearchMax 600
DurationTHold 300
DurationPreStimDelay 25
DurationPostStimDelay 500
DurationFlip 300
DurationITI 5000
DurationISI 300
DurationSingleStim 200
DurationSpikeCount 300
TimeoutSaccade 100
TimeoutOI 15000
TimeTrialStart 2429868
TimeTrialEnd 2433954
TimeTrigger 2432207
TimeFixHoldStart 2429899
TimeFixHoldEnd 2433454
TimeSearchStart 2432554
TimeSearchEnd -1
TimeSaccadeStart -1
TimeSaccadeEnd -1
TimeFPStart 2429897
TimeFPEnd 2433454
TimeStimStart -1
TimeStimEnd -1
TimeTargetStart -1
TimeTargetEnd -1
RingFileNum 0
********************************************************************************
CountBlockTotal 9
TimeNow 172853
CurrCond 1
Outcome 4
ScaleFixWinResize   0.800
SizeFixWinXDeg   1.500
SizeFixWinYDeg   1.500
SizeTWinXDeg   2.000
SizeTWinYDeg   2.000
CtrFixWinXDeg   0.000
CtrFixWinYDeg   0.000
AdjustmentX   0.013
AdjustmentY   0.045
FlagSoftEyeCal 0
SoftEyeCalOffsetX   0.000
SoftEyeCalOffsetY   0.000
SoftEyeCalScaleX   1.000
SoftEyeCalScaleY   1.000
SoftEyeCalAngle   0.000
FlagDoubleBeepH 0
FlagDoubleBeepCR 0
RewardDuration 100
FlagCameraCommunication 1
FlagCameraWasRunning 1
toOIStimDecimal 1
TPositionNumIn -1
DurationFixAcquire 3000
DurationInitFixHold 700
DurationPreFixHold 100
DurationFixHold 500
DurationSearchMin 75
DurationSearchMax 600
DurationTHold 300
DurationPreStimDelay 25
DurationPostStimDelay 500
DurationFlip 300
DurationITI 5000
DurationISI 300
DurationSingleStim 200
DurationSpikeCount 300
TimeoutSaccade 100
TimeoutOI 15000
TimeTrialStart 2439555
TimeTrialEnd 2443565
TimeTrigger 2441820
TimeFixHoldStart 2439591
TimeFixHoldEnd 2443065
TimeSearchStart 2442165
TimeSearchEnd -1
TimeSaccadeStart -1
TimeSaccadeEnd -1
TimeFPStart 2439589
TimeFPEnd 2443065
TimeStimStart -1
TimeStimEnd -1
TimeTargetStart -1
TimeTargetEnd -1
RingFileNum 0
********************************************************************************
CountBlockTotal 10
TimeNow 172902
CurrCond 1
Outcome 4
ScaleFixWinResize   0.800
SizeFixWinXDeg   1.500
SizeFixWinYDeg   1.500
SizeTWinXDeg   2.000
SizeTWinYDeg   2.000
CtrFixWinXDeg   0.000
CtrFixWinYDeg   0.000
AdjustmentX   0.015
AdjustmentY   0.048
FlagSoftEyeCal 0
SoftEyeCalOffsetX   0.000
SoftEyeCalOffsetY   0.000
SoftEyeCalScaleX   1.000
SoftEyeCalScaleY   1.000
SoftEyeCalAngle   0.000
FlagDoubleBeepH 0
FlagDoubleBeepCR 0
RewardDuration 100
FlagCameraCommunication 1
FlagCameraWasRunning 1
toOIStimDecimal 1
TPositionNumIn -1
DurationFixAcquire 3000
DurationInitFixHold 700
DurationPreFixHold 100
DurationFixHold 500
DurationSearchMin 75
DurationSearchMax 600
DurationTHold 300
DurationPreStimDelay 25
DurationPostStimDelay 500
DurationFlip 300
DurationITI 5000
DurationISI 300
DurationSingleStim 200
DurationSpikeCount 300
TimeoutSaccade 100
TimeoutOI 15000
TimeTrialStart 2449167
TimeTrialEnd 2453156
TimeTrigger 2451413
TimeFixHoldStart 2449202
TimeFixHoldEnd 2452656
TimeSearchStart 2451756
TimeSearchEnd -1
TimeSaccadeStart -1
TimeSaccadeEnd -1
TimeFPStart 2449200
TimeFPEnd 2452656
TimeStimStart -1
TimeStimEnd -1
TimeTargetStart -1
TimeTargetEnd -1
RingFileNum 0
********************************************************************************
CountBlockTotal 11
TimeNow 172912
CurrCond 1
Outcome 4
ScaleFixWinResize   0.800
SizeFixWinXDeg   1.500
SizeFixWinYDeg   1.500
SizeTWinXDeg   2.000
SizeTWinYDeg   2.000
CtrFixWinXDeg   0.000
CtrFixWinYDeg   0.000
AdjustmentX   0.015
AdjustmentY   0.048
FlagSoftEyeCal 0
SoftEyeCalOffsetX   0.000
SoftEyeCalOffsetY   0.000
SoftEyeCalScaleX   1.000
SoftEyeCalScaleY   1.000
SoftEyeCalAngle   0.000
FlagDoubleBeepH 0
FlagDoubleBeepCR 0
RewardDuration 100
FlagCameraCommunication 1
FlagCameraWasRunning 1
toOIStimDecimal 1
TPositionNumIn -1
DurationFixAcquire 3000
DurationInitFixHold 700
DurationPreFixHold 100
DurationFixHold 500
DurationSearchMin 75
DurationSearchMax 600
DurationTHold 300
DurationPreStimDelay 25
DurationPostStimDelay 500
DurationFlip 300
DurationITI 5000
DurationISI 300
DurationSingleStim 200
DurationSpikeCount 300
TimeoutSaccade 100
TimeoutOI 15000
TimeTrialStart 2458725
TimeTrialEnd 2462757
TimeTrigger 2461016
TimeFixHoldStart 2458763
TimeFixHoldEnd 2462257
TimeSearchStart 2461357
TimeSearchEnd -1
TimeSaccadeStart -1
TimeSaccadeEnd -1
TimeFPStart 2458761
TimeFPEnd 2462257
TimeStimStart -1
TimeStimEnd -1
TimeTargetStart -1
TimeTargetEnd -1
RingFileNum 0
********************************************************************************
CountBlockTotal 12
TimeNow 172922
CurrCond 1
Outcome 4
ScaleFixWinResize   0.800
SizeFixWinXDeg   1.500
SizeFixWinYDeg   1.500
SizeTWinXDeg   2.000
SizeTWinYDeg   2.000
CtrFixWinXDeg   0.000
CtrFixWinYDeg   0.000
AdjustmentX   0.013
AdjustmentY   0.044
FlagSoftEyeCal 0
SoftEyeCalOffsetX   0.000
SoftEyeCalOffsetY   0.000
SoftEyeCalScaleX   1.000
SoftEyeCalScaleY   1.000
SoftEyeCalAngle   0.000
FlagDoubleBeepH 0
FlagDoubleBeepCR 0
RewardDuration 100
FlagCameraCommunication 1
FlagCameraWasRunning 1
toOIStimDecimal 1
TPositionNumIn -1
DurationFixAcquire 3000
DurationInitFixHold 700
DurationPreFixHold 100
DurationFixHold 500
DurationSearchMin 75
DurationSearchMax 600
DurationTHold 300
DurationPreStimDelay 25
DurationPostStimDelay 500
DurationFlip 300
DurationITI 5000
DurationISI 300
DurationSingleStim 200
DurationSpikeCount 300
TimeoutSaccade 100
TimeoutOI 15000
TimeTrialStart 2468338
TimeTrialEnd 2472348
TimeTrigger 2470609
TimeFixHoldStart 2468374
TimeFixHoldEnd 2471848
TimeSearchStart 2470948
TimeSearchEnd -1
TimeSaccadeStart -1
TimeSaccadeEnd -1
TimeFPStart 2468372
TimeFPEnd 2471848
TimeStimStart -1
TimeStimEnd -1
TimeTargetStart -1
TimeTargetEnd -1
RingFileNum 0
********************************************************************************
CountBlockTotal 13
TimeNow 172931
CurrCond 1
Outcome 4
ScaleFixWinResize   0.800
SizeFixWinXDeg   1.500
SizeFixWinYDeg   1.500
SizeTWinXDeg   2.000
SizeTWinYDeg   2.000
CtrFixWinXDeg   0.000
CtrFixWinYDeg   0.000
AdjustmentX   0.018
AdjustmentY   0.051
FlagSoftEyeCal 0
SoftEyeCalOffsetX   0.000
SoftEyeCalOffsetY   0.000
SoftEyeCalScaleX   1.000
SoftEyeCalScaleY   1.000
SoftEyeCalAngle   0.000
FlagDoubleBeepH 0
FlagDoubleBeepCR 0
RewardDuration 100
FlagCameraCommunication 1
FlagCameraWasRunning 1
toOIStimDecimal 1
TPositionNumIn -1
DurationFixAcquire 3000
DurationInitFixHold 700
DurationPreFixHold 100
DurationFixHold 500
DurationSearchMin 75
DurationSearchMax 600
DurationTHold 300
DurationPreStimDelay 25
DurationPostStimDelay 500
DurationFlip 300
DurationITI 5000
DurationISI 300
DurationSingleStim 200
DurationSpikeCount 300
TimeoutSaccade 100
TimeoutOI 15000
TimeTrialStart 2477950
TimeTrialEnd 2481969
TimeTrigger 2480222
TimeFixHoldStart 2477985
TimeFixHoldEnd 2481469
TimeSearchStart 2480569
TimeSearchEnd -1
TimeSaccadeStart -1
TimeSaccadeEnd -1
TimeFPStart 2477983
TimeFPEnd 2481469
TimeStimStart -1
TimeStimEnd -1
TimeTargetStart -1
TimeTargetEnd -1
RingFileNum 0
********************************************************************************
CountBlockTotal 14
TimeNow 172941
CurrCond 1
Outcome 4
ScaleFixWinResize   0.800
SizeFixWinXDeg   1.500
SizeFixWinYDeg   1.500
SizeTWinXDeg   2.000
SizeTWinYDeg   2.000
CtrFixWinXDeg   0.000
CtrFixWinYDeg   0.000
AdjustmentX   0.014
AdjustmentY   0.047
FlagSoftEyeCal 0
SoftEyeCalOffsetX   0.000
SoftEyeCalOffsetY   0.000
SoftEyeCalScaleX   1.000
SoftEyeCalScaleY   1.000
SoftEyeCalAngle   0.000
FlagDoubleBeepH 0
FlagDoubleBeepCR 0
RewardDuration 100
FlagCameraCommunication 1
FlagCameraWasRunning 1
toOIStimDecimal 1
TPositionNumIn -1
DurationFixAcquire 3000
DurationInitFixHold 700
DurationPreFixHold 100
DurationFixHold 500
DurationSearchMin 75
DurationSearchMax 600
DurationTHold 300
DurationPreStimDelay 25
DurationPostStimDelay 500
DurationFlip 300
DurationITI 5000
DurationISI 300
DurationSingleStim 200
DurationSpikeCount 300
TimeoutSaccade 100
TimeoutOI 15000
TimeTrialStart 2487561
TimeTrialEnd 2491560
TimeTrigger 2489815
TimeFixHoldStart 2487596
TimeFixHoldEnd 2491060
TimeSearchStart 2490160
TimeSearchEnd -1
TimeSaccadeStart -1
TimeSaccadeEnd -1
TimeFPStart 2487594
TimeFPEnd 2491060
TimeStimStart -1
TimeStimEnd -1
TimeTargetStart -1
TimeTargetEnd -1
RingFileNum 0
********************************************************************************
CountBlockTotal 15
TimeNow 172950
CurrCond 0
Outcome 5
ScaleFixWinResize   0.800
SizeFixWinXDeg   1.500
SizeFixWinYDeg   1.500
SizeTWinXDeg   2.000
SizeTWinYDeg   2.000
CtrFixWinXDeg   0.000
CtrFixWinYDeg   0.000
AdjustmentX   0.016
AdjustmentY   0.049
FlagSoftEyeCal 0
SoftEyeCalOffsetX   0.000
SoftEyeCalOffsetY   0.000
SoftEyeCalScaleX   1.000
SoftEyeCalScaleY   1.000
SoftEyeCalAngle   0.000
FlagDoubleBeepH 0
FlagDoubleBeepCR 0
RewardDuration 100
FlagCameraCommunication 1
FlagCameraWasRunning 1
toOIStimDecimal 0
TPositionNumIn -1
DurationFixAcquire 3000
DurationInitFixHold 700
DurationPreFixHold 100
DurationFixHold 500
DurationSearchMin 75
DurationSearchMax 600
DurationTHold 300
DurationPreStimDelay 25
DurationPostStimDelay 500
DurationFlip 300
DurationITI 5000
DurationISI 300
DurationSingleStim 200
DurationSpikeCount 300
TimeoutSaccade 100
TimeoutOI 15000
TimeTrialStart 2497174
TimeTrialEnd 2500352
TimeTrigger 2499408
TimeFixHoldStart 2497207
TimeFixHoldEnd 2500351
TimeSearchStart 2499751
TimeSearchEnd -1
TimeSaccadeStart -1
TimeSaccadeEnd -1
TimeFPStart 2497205
TimeFPEnd 2500351
TimeStimStart -1
TimeStimEnd -1
TimeTargetStart 2499750
TimeTargetEnd 2500051
RingFileNum 0
********************************************************************************
CountBlockTotal 16
TimeNow 172959
CurrCond 0
Outcome 5
ScaleFixWinResize   0.800
SizeFixWinXDeg   1.500
SizeFixWinYDeg   1.500
SizeTWinXDeg   2.000
SizeTWinYDeg   2.000
CtrFixWinXDeg   0.000
CtrFixWinYDeg   0.000
AdjustmentX   0.015
AdjustmentY   0.047
FlagSoftEyeCal 0
SoftEyeCalOffsetX   0.000
SoftEyeCalOffsetY   0.000
SoftEyeCalScaleX   1.000
SoftEyeCalScaleY   1.000
SoftEyeCalAngle   0.000
FlagDoubleBeepH 0
FlagDoubleBeepCR 0
RewardDuration 100
FlagCameraCommunication 1
FlagCameraWasRunning 1
toOIStimDecimal 0
TPositionNumIn -1
DurationFixAcquire 3000
DurationInitFixHold 700
DurationPreFixHold 100
DurationFixHold 500
DurationSearchMin 75
DurationSearchMax 600
DurationTHold 300
DurationPreStimDelay 25
DurationPostStimDelay 500
DurationFlip 300
DurationITI 5000
DurationISI 300
DurationSingleStim 200
DurationSpikeCount 300
TimeoutSaccade 100
TimeoutOI 15000
TimeTrialStart 2506254
TimeTrialEnd 2509552
TimeTrigger 2508613
TimeFixHoldStart 2506286
TimeFixHoldEnd 2509551
TimeSearchStart 2508951
TimeSearchEnd -1
TimeSaccadeStart -1
TimeSaccadeEnd -1
TimeFPStart 2506284
TimeFPEnd 2509551
TimeStimStart -1
TimeStimEnd -1
TimeTargetStart 2508950
TimeTargetEnd 2509251
RingFileNum 0
********************************************************************************
CountBlockTotal 17
TimeNow 173009
CurrCond 0
Outcome 5
ScaleFixWinResize   0.800
SizeFixWinXDeg   1.500
SizeFixWinYDeg   1.500
SizeTWinXDeg   2.000
SizeTWinYDeg   2.000
CtrFixWinXDeg   0.000
CtrFixWinYDeg   0.000
AdjustmentX   0.017
AdjustmentY   0.050
FlagSoftEyeCal 0
SoftEyeCalOffsetX   0.000
SoftEyeCalOffsetY   0.000
SoftEyeCalScaleX   1.000
SoftEyeCalScaleY   1.000
SoftEyeCalAngle   0.000
FlagDoubleBeepH 0
FlagDoubleBeepCR 0
RewardDuration 100
FlagCameraCommunication 1
FlagCameraWasRunning 1
toOIStimDecimal 0
TPositionNumIn -1
DurationFixAcquire 3000
DurationInitFixHold 700
DurationPreFixHold 100
DurationFixHold 500
DurationSearchMin 75
DurationSearchMax 600
DurationTHold 300
DurationPreStimDelay 25
DurationPostStimDelay 500
DurationFlip 300
DurationITI 5000
DurationISI 300
DurationSingleStim 200
DurationSpikeCount 300
TimeoutSaccade 100
TimeoutOI 15000
TimeTrialStart 2515458
TimeTrialEnd 2518762
TimeTrigger 2517817
TimeFixHoldStart 2515497
TimeFixHoldEnd 2518761
TimeSearchStart 2518161
TimeSearchEnd -1
TimeSaccadeStart -1
TimeSaccadeEnd -1
TimeFPStart 2515495
TimeFPEnd 2518761
TimeStimStart -1
TimeStimEnd -1
TimeTargetStart 2518160
TimeTargetEnd 2518461
RingFileNum 0
********************************************************************************
CountBlockTotal 18
TimeNow 173018
CurrCond 0
Outcome 5
ScaleFixWinResize   0.800
SizeFixWinXDeg   1.500
SizeFixWinYDeg   1.500
SizeTWinXDeg   2.000
SizeTWinYDeg   2.000
CtrFixWinXDeg   0.000
CtrFixWinYDeg   0.000
AdjustmentX   0.013
AdjustmentY   0.046
FlagSoftEyeCal 0
SoftEyeCalOffsetX   0.000
SoftEyeCalOffsetY   0.000
SoftEyeCalScaleX   1.000
SoftEyeCalScaleY   1.000
SoftEyeCalAngle   0.000
FlagDoubleBeepH 0
FlagDoubleBeepCR 0
RewardDuration 100
FlagCameraCommunication 1
FlagCameraWasRunning 1
toOIStimDecimal 0
TPositionNumIn -1
DurationFixAcquire 3000
DurationInitFixHold 700
DurationPreFixHold 100
DurationFixHold 500
DurationSearchMin 75
DurationSearchMax 600
DurationTHold 300
DurationPreStimDelay 25
DurationPostStimDelay 500
DurationFlip 300
DurationITI 5000
DurationISI 300
DurationSingleStim 200
DurationSpikeCount 300
TimeoutSaccade 100
TimeoutOI 15000
TimeTrialStart 2524662
TimeTrialEnd 2527963
TimeTrigger 2527022
TimeFixHoldStart 2524697
TimeFixHoldEnd 2527962
TimeSearchStart 2527362
TimeSearchEnd -1
TimeSaccadeStart -1
TimeSaccadeEnd -1
TimeFPStart 2524695
TimeFPEnd 2527962
TimeStimStart -1
TimeStimEnd -1
TimeTargetStart 2527361
TimeTargetEnd 2527661
RingFileNum 0
********************************************************************************
CountBlockTotal 19
TimeNow 173027
CurrCond 0
Outcome 5
ScaleFixWinResize   0.800
SizeFixWinXDeg   1.500
SizeFixWinYDeg   1.500
SizeTWinXDeg   2.000
SizeTWinYDeg   2.000
CtrFixWinXDeg   0.000
CtrFixWinYDeg   0.000
AdjustmentX   0.016
AdjustmentY   0.047
FlagSoftEyeCal 0
SoftEyeCalOffsetX   0.000
SoftEyeCalOffsetY   0.000
SoftEyeCalScaleX   1.000
SoftEyeCalScaleY   1.000
SoftEyeCalAngle   0.000
FlagDoubleBeepH 0
FlagDoubleBeepCR 0
RewardDuration 100
FlagCameraCommunication 1
FlagCameraWasRunning 1
toOIStimDecimal 0
TPositionNumIn -1
DurationFixAcquire 3000
DurationInitFixHold 700
DurationPreFixHold 100
DurationFixHold 500
DurationSearchMin 75
DurationSearchMax 600
DurationTHold 300
DurationPreStimDelay 25
DurationPostStimDelay 500
DurationFlip 300
DurationITI 5000
DurationISI 300
DurationSingleStim 200
DurationSpikeCount 300
TimeoutSaccade 100
TimeoutOI 15000
TimeTrialStart 2533868
TimeTrialEnd 2537173
TimeTrigger 2536226
TimeFixHoldStart 2533907
TimeFixHoldEnd 2537172
TimeSearchStart 2536572
TimeSearchEnd -1
TimeSaccadeStart -1
TimeSaccadeEnd -1
TimeFPStart 2533905
TimeFPEnd 2537172
TimeStimStart -1
TimeStimEnd -1
TimeTargetStart 2536571
TimeTargetEnd 2536871
RingFileNum 0
********************************************************************************
CountBlockTotal 20
TimeNow 173036
CurrCond 0
Outcome 5
ScaleFixWinResize   0.800
SizeFixWinXDeg   1.500
SizeFixWinYDeg   1.500
SizeTWinXDeg   2.000
SizeTWinYDeg   2.000
CtrFixWinXDeg   0.000
CtrFixWinYDeg   0.000
AdjustmentX   0.015
AdjustmentY   0.049
FlagSoftEyeCal 0
SoftEyeCalOffsetX   0.000
SoftEyeCalOffsetY   0.000
SoftEyeCalScaleX   1.000
SoftEyeCalScaleY   1.000
SoftEyeCalAngle   0.000
FlagDoubleBeepH 0
FlagDoubleBeepCR 0
RewardDuration 100
FlagCameraCommunication 1
FlagCameraWasRunning 1
toOIStimDecimal 0
TPositionNumIn -1
DurationFixAcquire 3000
DurationInitFixHold 700
DurationPreFixHold 100
DurationFixHold 500
DurationSearchMin 75
DurationSearchMax 600
DurationTHold 300
DurationPreStimDelay 25
DurationPostStimDelay 500
DurationFlip 300
DurationITI 5000
DurationISI 300
DurationSingleStim 200
DurationSpikeCount 300
TimeoutSaccade 100
TimeoutOI 15000
TimeTrialStart 2543071
TimeTrialEnd 2546363
TimeTrigger 2545421
TimeFixHoldStart 2543107
TimeFixHoldEnd 2546362
TimeSearchStart 2545762
TimeSearchEnd -1
TimeSaccadeStart -1
TimeSaccadeEnd -1
TimeFPStart 2543105
TimeFPEnd 2546362
TimeStimStart -1
TimeStimEnd -1
TimeTargetStart 2545761
TimeTargetEnd 2546061
RingFileNum 0
********************************************************************************
Begin of File Footer
********************************************************************************
********************************************************************************
ProtocolName: Ring-Target Detection
Cond#   Hit  Miss   FA   Early   CR    WT    Successful Failed    Total  SpikeRate
  0      0    10     0     0     0     0        0       10       10       0.000
  1      0     0     0     0    10     0       10        0       10       0.000
********************************************************************************
CountBlockSuccessful 10
CountBlockCompleted 20
CountBlockRemaining 0
CountBlockBreakFix 0
CountBlockTotal 20
********************************************************************************
End of File Footer
********************************************************************************
